生成启动时间为 2020/6/20 16:41:50。
     1>项目“C:\Users\zhenghong\Desktop\StackAnddqueue\StackAnddqueue\StackAnddqueue.vcxproj”在节点 2 上(Build 个目标)。
     1>ClCompile:
         F:\VS\vs\VC\bin\CL.exe /c /ZI /nologo /W3 /WX- /sdl /Od /Oy- /D _MBCS /Gm /EHsc /RTC1 /MDd /GS /fp:precise /Zc:wchar_t /Zc:forScope /Fo"Debug\\" /Fd"Debug\vc120.pdb" /Gd /TP /analyze- /errorReport:prompt IO.cpp
         IO.cpp
     1>c:\users\zhenghong\desktop\stackanddqueue\stackanddqueue\io.cpp(156): warning C4018: “<”: 有符号/无符号不匹配
                 c:\users\zhenghong\desktop\stackanddqueue\stackanddqueue\io.cpp(153): 编译类 模板 成员函数“void Priority_Queue<int,std::vector<int,std::allocator<_Ty>>,Greater<int>>::shiftDown(int)”时
                 with
                 [
                     _Ty=int
                 ]
                 c:\users\zhenghong\desktop\stackanddqueue\stackanddqueue\io.cpp(139): 参见对正在编译的函数 模板 实例化“void Priority_Queue<int,std::vector<int,std::allocator<_Ty>>,Greater<int>>::shiftDown(int)”的引用
                 with
                 [
                     _Ty=int
                 ]
                 c:\users\zhenghong\desktop\stackanddqueue\stackanddqueue\io.cpp(194): 参见对正在编译的类 模板 实例化“Priority_Queue<int,std::vector<int,std::allocator<_Ty>>,Greater<int>>”的引用
                 with
                 [
                     _Ty=int
                 ]
     1>c:\users\zhenghong\desktop\stackanddqueue\stackanddqueue\io.cpp(159): warning C4018: “<”: 有符号/无符号不匹配
       Link:
         F:\VS\vs\VC\bin\link.exe /ERRORREPORT:PROMPT /OUT:"C:\Users\zhenghong\Desktop\StackAnddqueue\Debug\StackAnddqueue.exe" /INCREMENTAL /NOLOGO kernel32.lib user32.lib gdi32.lib winspool.lib comdlg32.lib advapi32.lib shell32.lib ole32.lib oleaut32.lib uuid.lib odbc32.lib odbccp32.lib /MANIFEST /MANIFESTUAC:"level='asInvoker' uiAccess='false'" /manifest:embed /DEBUG /PDB:"C:\Users\zhenghong\Desktop\StackAnddqueue\Debug\StackAnddqueue.pdb" /TLBID:1 /DYNAMICBASE /NXCOMPAT /IMPLIB:"C:\Users\zhenghong\Desktop\StackAnddqueue\Debug\StackAnddqueue.lib" /MACHINE:X86 Debug\IO.obj
         Debug\Stack.obj
         Debug\template.obj
         StackAnddqueue.vcxproj -> C:\Users\zhenghong\Desktop\StackAnddqueue\Debug\StackAnddqueue.exe
     1>已完成生成项目“C:\Users\zhenghong\Desktop\StackAnddqueue\StackAnddqueue\StackAnddqueue.vcxproj”(Build 个目标)的操作。

生成成功。

已用时间 00:00:02.59
